Started by an SCM change
Building in workspace /var/lib/jenkins/workspace/searchengine-indexer
 > git rev-parse --is-inside-work-tree # timeout=10
Fetching changes from the remote Git repository
 > git config remote.origin.url https://github.com/jeffwmair/searchengine.git # timeout=10
Fetching upstream changes from https://github.com/jeffwmair/searchengine.git
 > git --version # timeout=10
 > git -c core.askpass=true fetch --tags --progress https://github.com/jeffwmair/searchengine.git +refs/heads/*:refs/remotes/origin/*
 > git rev-parse refs/remotes/origin/master^{commit} # timeout=10
 > git rev-parse refs/remotes/origin/origin/master^{commit} # timeout=10
Checking out Revision bab7e57121638b451f6e303e35f5e36f273a1cc0 (refs/remotes/origin/master)
 > git config core.sparsecheckout # timeout=10
 > git checkout -f bab7e57121638b451f6e303e35f5e36f273a1cc0
 > git rev-list da4f49174e2016b8811145e3c1b4a91e1b505957 # timeout=10
[searchengine-indexer] $ mvn -f indexer/pom.xml install
[INFO] Scanning for projects...
[INFO]                                                                         
[INFO] ------------------------------------------------------------------------
[INFO] Building Search Engine Indexer 1.0
[INFO] ------------------------------------------------------------------------
[INFO] 
[8mha:AAAAYB+LCAAAAAAAAP9b85aBtbiIQSmjNKU4P0+vJLE4u1gvPjexLDVPzxdEGvvmZ+X75ZekLlOVfvTjc8FPJgaGiiIGKaiG5Py84vycVD1nCA1SyAABjCCFBQCV27OjYAAAAA==[0m[INFO] --- maven-resources-plugin:2.6:resources (default-resources) @ searchengine-indexer ---
[INFO] Using 'UTF-8' encoding to copy filtered resources.
[INFO] Copying 3 resources
[INFO] 
[8mha:AAAAYB+LCAAAAAAAAP9b85aBtbiIQSmjNKU4P0+vJLE4u1gvPjexLDVPzxdEGvvmZ+X75ZekLlOVfvTjc8FPJgaGiiIGKaiG5Py84vycVD1nCA1SyAABjCCFBQCV27OjYAAAAA==[0m[INFO] --- maven-compiler-plugin:2.1:compile (default-compile) @ searchengine-indexer ---
[INFO] Nothing to compile - all classes are up to date
[INFO] 
[8mha:AAAAYB+LCAAAAAAAAP9b85aBtbiIQSmjNKU4P0+vJLE4u1gvPjexLDVPzxdEGvvmZ+X75ZekLlOVfvTjc8FPJgaGiiIGKaiG5Py84vycVD1nCA1SyAABjCCFBQCV27OjYAAAAA==[0m[INFO] --- maven-resources-plugin:2.6:testResources (default-testResources) @ searchengine-indexer ---
[INFO] Using 'UTF-8' encoding to copy filtered resources.
[INFO] skip non existing resourceDirectory /var/lib/jenkins/workspace/searchengine-indexer/indexer/src/test/resources
[INFO] 
[8mha:AAAAYB+LCAAAAAAAAP9b85aBtbiIQSmjNKU4P0+vJLE4u1gvPjexLDVPzxdEGvvmZ+X75ZekLlOVfvTjc8FPJgaGiiIGKaiG5Py84vycVD1nCA1SyAABjCCFBQCV27OjYAAAAA==[0m[INFO] --- maven-compiler-plugin:2.1:testCompile (default-testCompile) @ searchengine-indexer ---
[INFO] Nothing to compile - all classes are up to date
[INFO] 
[8mha:AAAAYB+LCAAAAAAAAP9b85aBtbiIQSmjNKU4P0+vJLE4u1gvPjexLDVPzxdEGvvmZ+X75ZekLlOVfvTjc8FPJgaGiiIGKaiG5Py84vycVD1nCA1SyAABjCCFBQCV27OjYAAAAA==[0m[INFO] --- maven-surefire-plugin:2.9:test (default-test) @ searchengine-indexer ---
[INFO] Tests are skipped.
[INFO] 
[8mha:AAAAYB+LCAAAAAAAAP9b85aBtbiIQSmjNKU4P0+vJLE4u1gvPjexLDVPzxdEGvvmZ+X75ZekLlOVfvTjc8FPJgaGiiIGKaiG5Py84vycVD1nCA1SyAABjCCFBQCV27OjYAAAAA==[0m[INFO] --- maven-surefire-plugin:2.9:test (run-unit-test) @ searchengine-indexer ---
[INFO] Surefire report directory: /var/lib/jenkins/workspace/searchengine-indexer/indexer/target/surefire-reports

-------------------------------------------------------
 T E S T S
-------------------------------------------------------
Running com.jwm.ir.index.crawler.UrlUtilsTest
Tests run: 10, Failures: 0, Errors: 0, Skipped: 0, Time elapsed: 0.429 sec
Running com.jwm.ir.index.crawler.UrlFeedTest
Tests run: 1, Failures: 0, Errors: 0, Skipped: 0, Time elapsed: 0.472 sec
Running com.jwm.ir.index.crawler.ResourceFetcherTest
Tests run: 1, Failures: 0, Errors: 0, Skipped: 0, Time elapsed: 0.005 sec
Running com.jwm.ir.index.service.ServiceImplTest
Tests run: 4, Failures: 0, Errors: 0, Skipped: 0, Time elapsed: 0.326 sec
Running com.jwm.ir.index.StemmerWrapperTest
Tests run: 5, Failures: 0, Errors: 0, Skipped: 0, Time elapsed: 0.019 sec
Running com.jwm.ir.index.robotverifier.UrlVerifierMessageReceiverTest
Tests run: 1, Failures: 0, Errors: 0, Skipped: 0, Time elapsed: 0.026 sec
Running com.jwm.ir.index.robotverifier.RobotUserAgentImplCacheTest
Tests run: 2, Failures: 0, Errors: 0, Skipped: 0, Time elapsed: 0.024 sec
Running com.jwm.ir.index.robotverifier.RobotDisallowsTest
Tests run: 2, Failures: 0, Errors: 0, Skipped: 0, Time elapsed: 0.006 sec
Running com.jwm.ir.index.robotverifier.UrlVerifierTest
Tests run: 2, Failures: 0, Errors: 0, Skipped: 0, Time elapsed: 0.035 sec
Running com.jwm.ir.index.robotverifier.RobotTxtParserTest
Tests run: 5, Failures: 0, Errors: 0, Skipped: 0, Time elapsed: 0.005 sec
Running com.jwm.ir.persistence.DomainTest
Tests run: 1, Failures: 0, Errors: 0, Skipped: 0, Time elapsed: 0.006 sec
Running com.jwm.ir.persistence.PageTest
Tests run: 4, Failures: 0, Errors: 0, Skipped: 0, Time elapsed: 0.004 sec
Running com.jwm.ir.search.FastCosineScoreCalculatorTest
Tests run: 2, Failures: 0, Errors: 0, Skipped: 0, Time elapsed: 0.016 sec
Running com.jwm.ir.search.QueryHelperTest
Tests run: 2, Failures: 0, Errors: 0, Skipped: 0, Time elapsed: 0.003 sec
Running com.jwm.ir.search.document.DocumentImplTest
Tests run: 3, Failures: 0, Errors: 0, Skipped: 0, Time elapsed: 0.003 sec
Running thirdparty.jung.PageRankTest
a = 0.049999999999999996
b = 0.475
c = 0.475
1000 = 0.049999999999999996
1001 = 0.475
1002 = 0.475
Tests run: 2, Failures: 0, Errors: 0, Skipped: 0, Time elapsed: 0.045 sec

Results :

Tests run: 47, Failures: 0, Errors: 0, Skipped: 0

[INFO] 
[8mha:AAAAYB+LCAAAAAAAAP9b85aBtbiIQSmjNKU4P0+vJLE4u1gvPjexLDVPzxdEGvvmZ+X75ZekLlOVfvTjc8FPJgaGiiIGKaiG5Py84vycVD1nCA1SyAABjCCFBQCV27OjYAAAAA==[0m[INFO] --- maven-jar-plugin:2.4:jar (default-jar) @ searchengine-indexer ---
[INFO] 
[8mha:AAAAYB+LCAAAAAAAAP9b85aBtbiIQSmjNKU4P0+vJLE4u1gvPjexLDVPzxdEGvvmZ+X75ZekLlOVfvTjc8FPJgaGiiIGKaiG5Py84vycVD1nCA1SyAABjCCFBQCV27OjYAAAAA==[0m[INFO] --- maven-dependency-plugin:2.5.1:copy-dependencies (copy-dependencies) @ searchengine-indexer ---
[INFO] collections-generic-4.01.jar already exists in destination.
[INFO] mchange-commons-java-0.2.3.4.jar already exists in destination.
[INFO] mockito-all-1.9.5.jar already exists in destination.
[INFO] hibernate-jpa-2.1-api-1.0.0.Final.jar already exists in destination.
[INFO] jandex-1.1.0.Final.jar already exists in destination.
[INFO] mysql-connector-java-5.1.6.jar already exists in destination.
[INFO] xml-apis-1.0.b2.jar already exists in destination.
[INFO] jboss-logging-3.1.3.GA.jar already exists in destination.
[INFO] quick-json-1.0.4.jar already exists in destination.
[INFO] antlr-2.7.7.jar already exists in destination.
[INFO] jung-algorithms-2.0.1.jar already exists in destination.
[INFO] javassist-3.18.1-GA.jar already exists in destination.
[INFO] hibernate-commons-annotations-4.0.5.Final.jar already exists in destination.
[INFO] jsoup-1.8.1.jar already exists in destination.
[INFO] colt-1.2.0.jar already exists in destination.
[INFO] log4j-1.2.14.jar already exists in destination.
[INFO] stax2-api-3.1.4.jar already exists in destination.
[INFO] jboss-logging-annotations-1.2.0.Beta1.jar already exists in destination.
[INFO] woodstox-core-asl-4.4.1.jar already exists in destination.
[INFO] jung-graph-impl-2.0.1.jar already exists in destination.
[INFO] stax-api-1.0-2.jar already exists in destination.
[INFO] commons-logging-1.1.3.jar already exists in destination.
[INFO] jboss-transaction-api_1.2_spec-1.0.0.Final.jar already exists in destination.
[INFO] jung-api-2.0.1.jar already exists in destination.
[INFO] concurrent-1.3.4.jar already exists in destination.
[INFO] spring-expression-4.3.2.RELEASE.jar already exists in destination.
[INFO] c3p0-0.9.2.1.jar already exists in destination.
[INFO] spring-core-4.3.2.RELEASE.jar already exists in destination.
[INFO] c3p0-0.9.1.2.jar already exists in destination.
[INFO] dom4j-1.6.1.jar already exists in destination.
[INFO] hibernate-core-4.3.10.Final.jar already exists in destination.
[INFO] hibernate-c3p0-4.3.10.Final.jar already exists in destination.
[INFO] 
[8mha:AAAAYB+LCAAAAAAAAP9b85aBtbiIQSmjNKU4P0+vJLE4u1gvPjexLDVPzxdEGvvmZ+X75ZekLlOVfvTjc8FPJgaGiiIGKaiG5Py84vycVD1nCA1SyAABjCCFBQCV27OjYAAAAA==[0m[INFO] --- maven-surefire-plugin:2.9:test (run-integration-test) @ searchengine-indexer ---
[INFO] Surefire report directory: /var/lib/jenkins/workspace/searchengine-indexer/indexer/target/surefire-reports

-------------------------------------------------------
 T E S T S
-------------------------------------------------------

-------------------------------------------------------
 T E S T S
-------------------------------------------------------
Running integration.ServiceImpl_get_unverified_pages_IntegrationTest
Tests run: 1, Failures: 0, Errors: 0, Skipped: 0, Time elapsed: 4.251 sec
Running integration.DomainRepositoryImpl_get_domain_exists_IntegrationTest
Tests run: 1, Failures: 0, Errors: 0, Skipped: 0, Time elapsed: 2.946 sec
Running integration.PageTermDao_terms_already_exist_IntegrationTest
Tests run: 1, Failures: 0, Errors: 0, Skipped: 0, Time elapsed: 5.334 sec
Running integration.ServiceImpl_AddUrlForCrawling_IntegrationTest
Tests run: 1, Failures: 0, Errors: 0, Skipped: 0, Time elapsed: 3.453 sec
Running integration.ServiceImpl_set_urls_verified_IntegrationTest
Tests run: 1, Failures: 0, Errors: 0, Skipped: 0, Time elapsed: 3.032 sec
Running integration.PageTerm_UniquePageTerm_IntegrationTest
Tests run: 1, Failures: 0, Errors: 0, Skipped: 0, Time elapsed: 3.091 sec
Running integration.ExtensionDao_get_all_extensions_IntegrationTest
Tests run: 1, Failures: 0, Errors: 0, Skipped: 0, Time elapsed: 2.989 sec
Running integration.ServiceImpl_add_crawl_result_IntegrationTest
Tests run: 1, Failures: 0, Errors: 0, Skipped: 0, Time elapsed: 2.908 sec
Running integration.DomainRepositoryImpl_get_domain_not_exists_throws_IntegrationTest
Tests run: 1, Failures: 0, Errors: 0, Skipped: 0, Time elapsed: 2.92 sec
Running integration.ServiceImpl_add_url_for_crawling_domain_already_exists_should_not_add_again_IntegrationTest
Tests run: 1, Failures: 0, Errors: 0, Skipped: 0, Time elapsed: 3.003 sec
Running integration.UrlFeedIntegrationTest
Tests run: 1, Failures: 0, Errors: 0, Skipped: 0, Time elapsed: 3.091 sec
Running integration.ServiceImpl_update_indexed_page_count_summaries_with_existing_summary_record_IntegrationTest
Tests run: 1, Failures: 0, Errors: 0, Skipped: 0, Time elapsed: 3.994 sec
Running integration.PageTermDaoImpl_create_IntegrationTest
Tests run: 1, Failures: 0, Errors: 0, Skipped: 0, Time elapsed: 3.706 sec
Running integration.ResourceFetcherIntegrationTest
Tests run: 1, Failures: 0, Errors: 0, Skipped: 0, Time elapsed: 0.116 sec
Running integration.TermDao_Fetch_Terms_IntegrationTest
Tests run: 1, Failures: 0, Errors: 0, Skipped: 0, Time elapsed: 2.88 sec
Running integration.ServiceImpl_AddDocumentTerm_IntegrationTest
Tests run: 1, Failures: 0, Errors: 0, Skipped: 0, Time elapsed: 2.978 sec

Results :

Tests run: 16, Failures: 0, Errors: 0, Skipped: 0

[INFO] 
[8mha:AAAAYB+LCAAAAAAAAP9b85aBtbiIQSmjNKU4P0+vJLE4u1gvPjexLDVPzxdEGvvmZ+X75ZekLlOVfvTjc8FPJgaGiiIGKaiG5Py84vycVD1nCA1SyAABjCCFBQCV27OjYAAAAA==[0m[INFO] --- maven-install-plugin:2.5.2:install (default-install) @ searchengine-indexer ---
[INFO] Installing /var/lib/jenkins/workspace/searchengine-indexer/indexer/target/searchengine-indexer-1.0.jar to /var/lib/jenkins/.m2/repository/com/jwm/ir/searchengine-indexer/1.0/searchengine-indexer-1.0.jar
[INFO] Installing /var/lib/jenkins/workspace/searchengine-indexer/indexer/pom.xml to /var/lib/jenkins/.m2/repository/com/jwm/ir/searchengine-indexer/1.0/searchengine-indexer-1.0.pom
[INFO] ------------------------------------------------------------------------
[INFO] BUILD SUCCESS
[INFO] ------------------------------------------------------------------------
[INFO] Total time: 01:02 min
[INFO] Finished at: 2016-08-30T15:05:16-04:00
[INFO] Final Memory: 14M/190M
[INFO] ------------------------------------------------------------------------
Warning: you have no plugins providing access control for builds, so falling back to legacy behavior of permitting any downstream builds to be triggered
Triggering a new build of [8mha:AAAAoR+LCAAAAAAAAP9b85aBtbiIQTGjNKU4P08vOT+vOD8nVc83PyU1x6OyILUoJzMv2y+/JJUBAhiZGBgqihhk0NSjKDWzXb3RdlLBUSYGJk8GtpzUvPSSDB8G5tKinBIGIZ+sxLJE/ZzEvHT94JKizLx0a6BxUmjGOUNodHsLgAyBEgYx/az8JP3i1MSi5Ayg4Zl5qbrlqUn6AIXCqlnLAAAA[0msearchengine-web
Finished: SUCCESS
