Started by user [8mha:AAAAlx+LCAAAAAAAAP9b85aBtbiIQTGjNKU4P08vOT+vOD8nVc83PyU1x6OyILUoJzMv2y+/JJUBAhiZGBgqihhk0NSjKDWzXb3RdlLBUSYGJk8GtpzUvPSSDB8G5tKinBIGIZ+sxLJE/ZzEvHT94JKizLx0a6BxUmjGOUNodHsLgAyWEgZu/dLi1CL9xJTczDwAZ3pnlMAAAAA=[0mjeff
Building in workspace /var/lib/jenkins/workspace/searchengine-indexer
Cloning the remote Git repository
Cloning repository https://github.com/jeffwmair/searchengine.git
 > git init /var/lib/jenkins/workspace/searchengine-indexer # timeout=10
Fetching upstream changes from https://github.com/jeffwmair/searchengine.git
 > git --version # timeout=10
 > git -c core.askpass=true fetch --tags --progress https://github.com/jeffwmair/searchengine.git +refs/heads/*:refs/remotes/origin/*
 > git config remote.origin.url https://github.com/jeffwmair/searchengine.git # timeout=10
 > git config --add remote.origin.fetch +refs/heads/*:refs/remotes/origin/* # timeout=10
 > git config remote.origin.url https://github.com/jeffwmair/searchengine.git # timeout=10
Fetching upstream changes from https://github.com/jeffwmair/searchengine.git
 > git -c core.askpass=true fetch --tags --progress https://github.com/jeffwmair/searchengine.git +refs/heads/*:refs/remotes/origin/*
 > git rev-parse refs/remotes/origin/master^{commit} # timeout=10
 > git rev-parse refs/remotes/origin/origin/master^{commit} # timeout=10
Checking out Revision 4137a383f265868d4e4936bcb23ce372f821f480 (refs/remotes/origin/master)
 > git config core.sparsecheckout # timeout=10
 > git checkout -f 4137a383f265868d4e4936bcb23ce372f821f480
 > git rev-list 4137a383f265868d4e4936bcb23ce372f821f480 # timeout=10
[searchengine-indexer] $ mvn -f indexer/pom.xml integration-test
[INFO] Scanning for projects...
[INFO]                                                                         
[INFO] ------------------------------------------------------------------------
[INFO] Building SearchEngine-Indexer 1.0
[INFO] ------------------------------------------------------------------------
[INFO] 
[8mha:AAAAYB+LCAAAAAAAAP9b85aBtbiIQSmjNKU4P0+vJLE4u1gvPjexLDVPzxdEGvvmZ+X75ZekLlOVfvTjc8FPJgaGiiIGKaiG5Py84vycVD1nCA1SyAABjCCFBQCV27OjYAAAAA==[0m[INFO] --- maven-resources-plugin:2.6:resources (default-resources) @ SearchEngineIndexer ---
[INFO] Using 'UTF-8' encoding to copy filtered resources.
[INFO] Copying 3 resources
[INFO] 
[8mha:AAAAYB+LCAAAAAAAAP9b85aBtbiIQSmjNKU4P0+vJLE4u1gvPjexLDVPzxdEGvvmZ+X75ZekLlOVfvTjc8FPJgaGiiIGKaiG5Py84vycVD1nCA1SyAABjCCFBQCV27OjYAAAAA==[0m[INFO] --- maven-compiler-plugin:2.1:compile (default-compile) @ SearchEngineIndexer ---
[INFO] Compiling 65 source files to /var/lib/jenkins/workspace/searchengine-indexer/indexer/target/classes
[INFO] 
[8mha:AAAAYB+LCAAAAAAAAP9b85aBtbiIQSmjNKU4P0+vJLE4u1gvPjexLDVPzxdEGvvmZ+X75ZekLlOVfvTjc8FPJgaGiiIGKaiG5Py84vycVD1nCA1SyAABjCCFBQCV27OjYAAAAA==[0m[INFO] --- maven-resources-plugin:2.6:testResources (default-testResources) @ SearchEngineIndexer ---
[INFO] Using 'UTF-8' encoding to copy filtered resources.
[INFO] skip non existing resourceDirectory /var/lib/jenkins/workspace/searchengine-indexer/indexer/src/test/resources
[INFO] 
[8mha:AAAAYB+LCAAAAAAAAP9b85aBtbiIQSmjNKU4P0+vJLE4u1gvPjexLDVPzxdEGvvmZ+X75ZekLlOVfvTjc8FPJgaGiiIGKaiG5Py84vycVD1nCA1SyAABjCCFBQCV27OjYAAAAA==[0m[INFO] --- maven-compiler-plugin:2.1:testCompile (default-testCompile) @ SearchEngineIndexer ---
[INFO] Compiling 37 source files to /var/lib/jenkins/workspace/searchengine-indexer/indexer/target/test-classes
[INFO] 
[8mha:AAAAYB+LCAAAAAAAAP9b85aBtbiIQSmjNKU4P0+vJLE4u1gvPjexLDVPzxdEGvvmZ+X75ZekLlOVfvTjc8FPJgaGiiIGKaiG5Py84vycVD1nCA1SyAABjCCFBQCV27OjYAAAAA==[0m[INFO] --- maven-surefire-plugin:2.9:test (default-test) @ SearchEngineIndexer ---
[INFO] Tests are skipped.
[INFO] 
[8mha:AAAAYB+LCAAAAAAAAP9b85aBtbiIQSmjNKU4P0+vJLE4u1gvPjexLDVPzxdEGvvmZ+X75ZekLlOVfvTjc8FPJgaGiiIGKaiG5Py84vycVD1nCA1SyAABjCCFBQCV27OjYAAAAA==[0m[INFO] --- maven-surefire-plugin:2.9:test (run-unit-test) @ SearchEngineIndexer ---
[INFO] Surefire report directory: /var/lib/jenkins/workspace/searchengine-indexer/indexer/target/surefire-reports

-------------------------------------------------------
 T E S T S
-------------------------------------------------------
Running com.jwm.ir.index.crawler.UrlUtilsTest
Tests run: 10, Failures: 0, Errors: 0, Skipped: 0, Time elapsed: 0.335 sec
Running com.jwm.ir.index.crawler.UrlFeedTest
Tests run: 1, Failures: 0, Errors: 0, Skipped: 0, Time elapsed: 0.213 sec
Running com.jwm.ir.index.crawler.ResourceFetcherTest
Tests run: 1, Failures: 0, Errors: 0, Skipped: 0, Time elapsed: 0.003 sec
Running com.jwm.ir.index.service.ServiceImplTest
Tests run: 4, Failures: 0, Errors: 0, Skipped: 0, Time elapsed: 0.164 sec
Running com.jwm.ir.index.StemmerWrapperTest
Tests run: 5, Failures: 0, Errors: 0, Skipped: 0, Time elapsed: 0.006 sec
Running com.jwm.ir.index.robotverifier.UrlVerifierMessageReceiverTest
Tests run: 1, Failures: 0, Errors: 0, Skipped: 0, Time elapsed: 0.011 sec
Running com.jwm.ir.index.robotverifier.RobotUserAgentImplCacheTest
Tests run: 2, Failures: 0, Errors: 0, Skipped: 0, Time elapsed: 0.004 sec
Running com.jwm.ir.index.robotverifier.RobotDisallowsTest
Tests run: 2, Failures: 0, Errors: 0, Skipped: 0, Time elapsed: 0.002 sec
Running com.jwm.ir.index.robotverifier.UrlVerifierTest
Tests run: 2, Failures: 0, Errors: 0, Skipped: 0, Time elapsed: 0.011 sec
Running com.jwm.ir.index.robotverifier.RobotTxtParserTest
Tests run: 5, Failures: 0, Errors: 0, Skipped: 0, Time elapsed: 0.019 sec
Running com.jwm.ir.persistence.DomainTest
Tests run: 1, Failures: 0, Errors: 0, Skipped: 0, Time elapsed: 0.007 sec
Running com.jwm.ir.persistence.PageTest
Tests run: 4, Failures: 0, Errors: 0, Skipped: 0, Time elapsed: 0.018 sec
Running com.jwm.ir.search.FastCosineScoreCalculatorTest
Tests run: 2, Failures: 0, Errors: 0, Skipped: 0, Time elapsed: 0.005 sec
Running com.jwm.ir.search.QueryHelperTest
Tests run: 2, Failures: 0, Errors: 0, Skipped: 0, Time elapsed: 0.002 sec
Running com.jwm.ir.search.document.DocumentImplTest
Tests run: 3, Failures: 0, Errors: 0, Skipped: 0, Time elapsed: 0.01 sec
Running thirdparty.jung.PageRankTest
a = 0.049999999999999996
b = 0.475
c = 0.475
1000 = 0.049999999999999996
1001 = 0.475
1002 = 0.475
Tests run: 2, Failures: 0, Errors: 0, Skipped: 0, Time elapsed: 0.039 sec

Results :

Tests run: 47, Failures: 0, Errors: 0, Skipped: 0

[INFO] 
[8mha:AAAAYB+LCAAAAAAAAP9b85aBtbiIQSmjNKU4P0+vJLE4u1gvPjexLDVPzxdEGvvmZ+X75ZekLlOVfvTjc8FPJgaGiiIGKaiG5Py84vycVD1nCA1SyAABjCCFBQCV27OjYAAAAA==[0m[INFO] --- maven-jar-plugin:2.4:jar (default-jar) @ SearchEngineIndexer ---
[INFO] Building jar: /var/lib/jenkins/workspace/searchengine-indexer/indexer/target/SearchEngineIndexer-1.0.jar
[INFO] 
[8mha:AAAAYB+LCAAAAAAAAP9b85aBtbiIQSmjNKU4P0+vJLE4u1gvPjexLDVPzxdEGvvmZ+X75ZekLlOVfvTjc8FPJgaGiiIGKaiG5Py84vycVD1nCA1SyAABjCCFBQCV27OjYAAAAA==[0m[INFO] --- maven-dependency-plugin:2.5.1:copy-dependencies (copy-dependencies) @ SearchEngineIndexer ---
[INFO] Copying collections-generic-4.01.jar to /var/lib/jenkins/workspace/searchengine-indexer/indexer/target/lib/collections-generic-4.01.jar
[INFO] Copying mchange-commons-java-0.2.3.4.jar to /var/lib/jenkins/workspace/searchengine-indexer/indexer/target/lib/mchange-commons-java-0.2.3.4.jar
[INFO] Copying mockito-all-1.9.5.jar to /var/lib/jenkins/workspace/searchengine-indexer/indexer/target/lib/mockito-all-1.9.5.jar
[INFO] Copying hibernate-jpa-2.1-api-1.0.0.Final.jar to /var/lib/jenkins/workspace/searchengine-indexer/indexer/target/lib/hibernate-jpa-2.1-api-1.0.0.Final.jar
[INFO] Copying jandex-1.1.0.Final.jar to /var/lib/jenkins/workspace/searchengine-indexer/indexer/target/lib/jandex-1.1.0.Final.jar
[INFO] Copying mysql-connector-java-5.1.6.jar to /var/lib/jenkins/workspace/searchengine-indexer/indexer/target/lib/mysql-connector-java-5.1.6.jar
[INFO] Copying xml-apis-1.0.b2.jar to /var/lib/jenkins/workspace/searchengine-indexer/indexer/target/lib/xml-apis-1.0.b2.jar
[INFO] Copying jboss-logging-3.1.3.GA.jar to /var/lib/jenkins/workspace/searchengine-indexer/indexer/target/lib/jboss-logging-3.1.3.GA.jar
[INFO] Copying quick-json-1.0.4.jar to /var/lib/jenkins/workspace/searchengine-indexer/indexer/target/lib/quick-json-1.0.4.jar
[INFO] Copying antlr-2.7.7.jar to /var/lib/jenkins/workspace/searchengine-indexer/indexer/target/lib/antlr-2.7.7.jar
[INFO] Copying jung-algorithms-2.0.1.jar to /var/lib/jenkins/workspace/searchengine-indexer/indexer/target/lib/jung-algorithms-2.0.1.jar
[INFO] Copying javassist-3.18.1-GA.jar to /var/lib/jenkins/workspace/searchengine-indexer/indexer/target/lib/javassist-3.18.1-GA.jar
[INFO] Copying hibernate-commons-annotations-4.0.5.Final.jar to /var/lib/jenkins/workspace/searchengine-indexer/indexer/target/lib/hibernate-commons-annotations-4.0.5.Final.jar
[INFO] Copying jsoup-1.8.1.jar to /var/lib/jenkins/workspace/searchengine-indexer/indexer/target/lib/jsoup-1.8.1.jar
[INFO] Copying colt-1.2.0.jar to /var/lib/jenkins/workspace/searchengine-indexer/indexer/target/lib/colt-1.2.0.jar
[INFO] Copying log4j-1.2.14.jar to /var/lib/jenkins/workspace/searchengine-indexer/indexer/target/lib/log4j-1.2.14.jar
[INFO] Copying stax2-api-3.1.4.jar to /var/lib/jenkins/workspace/searchengine-indexer/indexer/target/lib/stax2-api-3.1.4.jar
[INFO] Copying jboss-logging-annotations-1.2.0.Beta1.jar to /var/lib/jenkins/workspace/searchengine-indexer/indexer/target/lib/jboss-logging-annotations-1.2.0.Beta1.jar
[INFO] Copying woodstox-core-asl-4.4.1.jar to /var/lib/jenkins/workspace/searchengine-indexer/indexer/target/lib/woodstox-core-asl-4.4.1.jar
[INFO] Copying jung-graph-impl-2.0.1.jar to /var/lib/jenkins/workspace/searchengine-indexer/indexer/target/lib/jung-graph-impl-2.0.1.jar
[INFO] Copying stax-api-1.0-2.jar to /var/lib/jenkins/workspace/searchengine-indexer/indexer/target/lib/stax-api-1.0-2.jar
[INFO] Copying commons-logging-1.1.3.jar to /var/lib/jenkins/workspace/searchengine-indexer/indexer/target/lib/commons-logging-1.1.3.jar
[INFO] Copying jboss-transaction-api_1.2_spec-1.0.0.Final.jar to /var/lib/jenkins/workspace/searchengine-indexer/indexer/target/lib/jboss-transaction-api_1.2_spec-1.0.0.Final.jar
[INFO] Copying jung-api-2.0.1.jar to /var/lib/jenkins/workspace/searchengine-indexer/indexer/target/lib/jung-api-2.0.1.jar
[INFO] Copying concurrent-1.3.4.jar to /var/lib/jenkins/workspace/searchengine-indexer/indexer/target/lib/concurrent-1.3.4.jar
[INFO] Copying spring-expression-4.3.2.RELEASE.jar to /var/lib/jenkins/workspace/searchengine-indexer/indexer/target/lib/spring-expression-4.3.2.RELEASE.jar
[INFO] Copying c3p0-0.9.2.1.jar to /var/lib/jenkins/workspace/searchengine-indexer/indexer/target/lib/c3p0-0.9.2.1.jar
[INFO] Copying spring-core-4.3.2.RELEASE.jar to /var/lib/jenkins/workspace/searchengine-indexer/indexer/target/lib/spring-core-4.3.2.RELEASE.jar
[INFO] Copying c3p0-0.9.1.2.jar to /var/lib/jenkins/workspace/searchengine-indexer/indexer/target/lib/c3p0-0.9.1.2.jar
[INFO] Copying dom4j-1.6.1.jar to /var/lib/jenkins/workspace/searchengine-indexer/indexer/target/lib/dom4j-1.6.1.jar
[INFO] Copying hibernate-core-4.3.10.Final.jar to /var/lib/jenkins/workspace/searchengine-indexer/indexer/target/lib/hibernate-core-4.3.10.Final.jar
[INFO] Copying hibernate-c3p0-4.3.10.Final.jar to /var/lib/jenkins/workspace/searchengine-indexer/indexer/target/lib/hibernate-c3p0-4.3.10.Final.jar
[INFO] 
[8mha:AAAAYB+LCAAAAAAAAP9b85aBtbiIQSmjNKU4P0+vJLE4u1gvPjexLDVPzxdEGvvmZ+X75ZekLlOVfvTjc8FPJgaGiiIGKaiG5Py84vycVD1nCA1SyAABjCCFBQCV27OjYAAAAA==[0m[INFO] --- maven-surefire-plugin:2.9:test (run-integration-test) @ SearchEngineIndexer ---
[INFO] Surefire report directory: /var/lib/jenkins/workspace/searchengine-indexer/indexer/target/surefire-reports

-------------------------------------------------------
 T E S T S
-------------------------------------------------------

-------------------------------------------------------
 T E S T S
-------------------------------------------------------
Running integration.ServiceImpl_get_unverified_pages_IntegrationTest
Tests run: 1, Failures: 0, Errors: 0, Skipped: 0, Time elapsed: 3.399 sec
Running integration.DomainRepositoryImpl_get_domain_exists_IntegrationTest
Tests run: 1, Failures: 0, Errors: 0, Skipped: 0, Time elapsed: 3.723 sec
Running integration.PageTermDao_terms_already_exist_IntegrationTest
Tests run: 1, Failures: 0, Errors: 0, Skipped: 0, Time elapsed: 3.528 sec
Running integration.ServiceImpl_AddUrlForCrawling_IntegrationTest
Tests run: 1, Failures: 0, Errors: 0, Skipped: 0, Time elapsed: 4.098 sec
Running integration.ServiceImpl_set_urls_verified_IntegrationTest
Tests run: 1, Failures: 0, Errors: 0, Skipped: 0, Time elapsed: 4.529 sec
Running integration.PageTerm_UniquePageTerm_IntegrationTest
Tests run: 1, Failures: 0, Errors: 0, Skipped: 0, Time elapsed: 5.048 sec
Running integration.ExtensionDao_get_all_extensions_IntegrationTest
Tests run: 1, Failures: 0, Errors: 0, Skipped: 0, Time elapsed: 6.251 sec
Running integration.ServiceImpl_add_crawl_result_IntegrationTest
Tests run: 1, Failures: 0, Errors: 0, Skipped: 0, Time elapsed: 3.151 sec
Running integration.DomainRepositoryImpl_get_domain_not_exists_throws_IntegrationTest
Tests run: 1, Failures: 0, Errors: 0, Skipped: 0, Time elapsed: 3.493 sec
Running integration.ServiceImpl_add_url_for_crawling_domain_already_exists_should_not_add_again_IntegrationTest
Tests run: 1, Failures: 0, Errors: 0, Skipped: 0, Time elapsed: 3.372 sec
Running integration.UrlFeedIntegrationTest
Tests run: 1, Failures: 0, Errors: 0, Skipped: 0, Time elapsed: 3.246 sec
Running integration.ServiceImpl_update_indexed_page_count_summaries_with_existing_summary_record_IntegrationTest
Tests run: 1, Failures: 0, Errors: 0, Skipped: 0, Time elapsed: 3.542 sec
Running integration.PageTermDaoImpl_create_IntegrationTest
Tests run: 1, Failures: 0, Errors: 0, Skipped: 0, Time elapsed: 2.982 sec
Running integration.ResourceFetcherIntegrationTest
Tests run: 1, Failures: 0, Errors: 0, Skipped: 0, Time elapsed: 0.134 sec
Running integration.TermDao_Fetch_Terms_IntegrationTest
Tests run: 1, Failures: 0, Errors: 0, Skipped: 0, Time elapsed: 3.19 sec
Running integration.ServiceImpl_AddDocumentTerm_IntegrationTest
Tests run: 1, Failures: 0, Errors: 0, Skipped: 0, Time elapsed: 3.223 sec

Results :

Tests run: 16, Failures: 0, Errors: 0, Skipped: 0

[INFO] ------------------------------------------------------------------------
[INFO] BUILD SUCCESS
[INFO] ------------------------------------------------------------------------
[INFO] Total time: 01:10 min
[INFO] Finished at: 2016-08-29T22:50:59-04:00
[INFO] Final Memory: 26M/195M
[INFO] ------------------------------------------------------------------------
Finished: SUCCESS
