Started by user [8mha:AAAAlx+LCAAAAAAAAP9b85aBtbiIQTGjNKU4P08vOT+vOD8nVc83PyU1x6OyILUoJzMv2y+/JJUBAhiZGBgqihhk0NSjKDWzXb3RdlLBUSYGJk8GtpzUvPSSDB8G5tKinBIGIZ+sxLJE/ZzEvHT94JKizLx0a6BxUmjGOUNodHsLgAyWEgZu/dLi1CL9xJTczDwAZ3pnlMAAAAA=[0mjeff
Building in workspace /var/lib/jenkins/workspace/searchengine
 > git rev-parse --is-inside-work-tree # timeout=10
Fetching changes from the remote Git repository
 > git config remote.origin.url https://github.com/jeffwmair/searchengine.git # timeout=10
Fetching upstream changes from https://github.com/jeffwmair/searchengine.git
 > git --version # timeout=10
 > git -c core.askpass=true fetch --tags --progress https://github.com/jeffwmair/searchengine.git +refs/heads/*:refs/remotes/origin/*
 > git rev-parse refs/remotes/origin/master^{commit} # timeout=10
 > git rev-parse refs/remotes/origin/origin/master^{commit} # timeout=10
Checking out Revision b006d7a998aa061e596701466bf8b0bcf94e0044 (refs/remotes/origin/master)
 > git config core.sparsecheckout # timeout=10
 > git checkout -f b006d7a998aa061e596701466bf8b0bcf94e0044
 > git rev-list b006d7a998aa061e596701466bf8b0bcf94e0044 # timeout=10
[searchengine] $ mvn compile test
[INFO] Scanning for projects...
[INFO]                                                                         
[INFO] ------------------------------------------------------------------------
[INFO] Building SearchEngine 1.0
[INFO] ------------------------------------------------------------------------
[INFO] 
[8mha:AAAAYB+LCAAAAAAAAP9b85aBtbiIQSmjNKU4P0+vJLE4u1gvPjexLDVPzxdEGvvmZ+X75ZekLlOVfvTjc8FPJgaGiiIGKaiG5Py84vycVD1nCA1SyAABjCCFBQCV27OjYAAAAA==[0m[INFO] --- maven-resources-plugin:2.6:resources (default-resources) @ SearchEngine ---
[INFO] Using 'UTF-8' encoding to copy filtered resources.
[INFO] Copying 2 resources
[INFO] 
[8mha:AAAAYB+LCAAAAAAAAP9b85aBtbiIQSmjNKU4P0+vJLE4u1gvPjexLDVPzxdEGvvmZ+X75ZekLlOVfvTjc8FPJgaGiiIGKaiG5Py84vycVD1nCA1SyAABjCCFBQCV27OjYAAAAA==[0m[INFO] --- maven-compiler-plugin:2.1:compile (default-compile) @ SearchEngine ---
[INFO] Nothing to compile - all classes are up to date
[INFO] 
[8mha:AAAAYB+LCAAAAAAAAP9b85aBtbiIQSmjNKU4P0+vJLE4u1gvPjexLDVPzxdEGvvmZ+X75ZekLlOVfvTjc8FPJgaGiiIGKaiG5Py84vycVD1nCA1SyAABjCCFBQCV27OjYAAAAA==[0m[INFO] --- maven-resources-plugin:2.6:resources (default-resources) @ SearchEngine ---
[INFO] Using 'UTF-8' encoding to copy filtered resources.
[INFO] Copying 2 resources
[INFO] 
[8mha:AAAAYB+LCAAAAAAAAP9b85aBtbiIQSmjNKU4P0+vJLE4u1gvPjexLDVPzxdEGvvmZ+X75ZekLlOVfvTjc8FPJgaGiiIGKaiG5Py84vycVD1nCA1SyAABjCCFBQCV27OjYAAAAA==[0m[INFO] --- maven-compiler-plugin:2.1:compile (default-compile) @ SearchEngine ---
[INFO] Nothing to compile - all classes are up to date
[INFO] 
[8mha:AAAAYB+LCAAAAAAAAP9b85aBtbiIQSmjNKU4P0+vJLE4u1gvPjexLDVPzxdEGvvmZ+X75ZekLlOVfvTjc8FPJgaGiiIGKaiG5Py84vycVD1nCA1SyAABjCCFBQCV27OjYAAAAA==[0m[INFO] --- maven-resources-plugin:2.6:testResources (default-testResources) @ SearchEngine ---
[INFO] Using 'UTF-8' encoding to copy filtered resources.
[INFO] skip non existing resourceDirectory /var/lib/jenkins/workspace/searchengine/src/test/resources
[INFO] 
[8mha:AAAAYB+LCAAAAAAAAP9b85aBtbiIQSmjNKU4P0+vJLE4u1gvPjexLDVPzxdEGvvmZ+X75ZekLlOVfvTjc8FPJgaGiiIGKaiG5Py84vycVD1nCA1SyAABjCCFBQCV27OjYAAAAA==[0m[INFO] --- maven-compiler-plugin:2.1:testCompile (default-testCompile) @ SearchEngine ---
[INFO] Nothing to compile - all classes are up to date
[INFO] 
[8mha:AAAAYB+LCAAAAAAAAP9b85aBtbiIQSmjNKU4P0+vJLE4u1gvPjexLDVPzxdEGvvmZ+X75ZekLlOVfvTjc8FPJgaGiiIGKaiG5Py84vycVD1nCA1SyAABjCCFBQCV27OjYAAAAA==[0m[INFO] --- maven-surefire-plugin:2.9:test (default-test) @ SearchEngine ---
[INFO] Tests are skipped.
[INFO] 
[8mha:AAAAYB+LCAAAAAAAAP9b85aBtbiIQSmjNKU4P0+vJLE4u1gvPjexLDVPzxdEGvvmZ+X75ZekLlOVfvTjc8FPJgaGiiIGKaiG5Py84vycVD1nCA1SyAABjCCFBQCV27OjYAAAAA==[0m[INFO] --- maven-surefire-plugin:2.9:test (run-unit-test) @ SearchEngine ---
[INFO] Surefire report directory: /var/lib/jenkins/workspace/searchengine/target/surefire-reports

-------------------------------------------------------
 T E S T S
-------------------------------------------------------
Running com.jwm.ir.index.crawler.UrlUtilsTest
Tests run: 10, Failures: 0, Errors: 0, Skipped: 0, Time elapsed: 0.266 sec
Running com.jwm.ir.index.crawler.UrlFeedTest
2016-08-28 03:36:36,999 DEBUG [com.jwm.ir.index.crawler.UrlFeed] - (main) Fetching urls from the db.  Putting onto the queue.
2016-08-28 03:36:37,006 DEBUG [com.jwm.ir.index.crawler.UrlFeed] - (main) Fetched 2 urls from the db.  Putting onto the queue.
Tests run: 1, Failures: 0, Errors: 0, Skipped: 0, Time elapsed: 0.304 sec
Running com.jwm.ir.index.crawler.ResourceFetcherTest
Tests run: 1, Failures: 0, Errors: 0, Skipped: 0, Time elapsed: 0.003 sec
Running com.jwm.ir.index.service.ServiceImplTest
2016-08-28 03:36:37,215 DEBUG [com.jwm.ir.index.service.ServiceImpl] - (main) Beginning to add url for crawling:www.google.com/a; parentUrlwww.google.com/b
2016-08-28 03:36:37,220 WARN [com.jwm.ir.index.service.ServiceImpl] - (main) Page with url 'www.google.com/a' already exists in the database, so not adding
2016-08-28 03:36:37,223 DEBUG [com.jwm.ir.index.service.ServiceImpl] - (main) Beginning to add url for crawling:www.google.com/a; parentUrlwww.google.com/b
2016-08-28 03:36:37,224 DEBUG [com.jwm.ir.index.service.ServiceImpl] - (main) Domain does not exist, so creating:google.com
2016-08-28 03:36:37,225 DEBUG [com.jwm.ir.index.service.ServiceImpl] - (main) Completed to add url for crawling:www.google.com/a
2016-08-28 03:36:37,243 DEBUG [com.jwm.ir.index.service.ServiceImpl] - (main) Beginning to add url for crawling:www.google.com/a; parentUrlwww.google.com/b
2016-08-28 03:36:37,247 DEBUG [com.jwm.ir.index.service.ServiceImpl] - (main) Domain exists:google.com
2016-08-28 03:36:37,253 DEBUG [com.jwm.ir.index.service.ServiceImpl] - (main) Completed to add url for crawling:www.google.com/a
Tests run: 4, Failures: 0, Errors: 0, Skipped: 0, Time elapsed: 0.248 sec
Running com.jwm.ir.index.StemmerWrapperTest
Tests run: 5, Failures: 0, Errors: 0, Skipped: 0, Time elapsed: 0.01 sec
Running com.jwm.ir.index.robotverifier.UrlVerifierMessageReceiverTest
Tests run: 1, Failures: 0, Errors: 0, Skipped: 0, Time elapsed: 0.013 sec
Running com.jwm.ir.index.robotverifier.RobotUserAgentImplCacheTest
Tests run: 2, Failures: 0, Errors: 0, Skipped: 0, Time elapsed: 0.006 sec
Running com.jwm.ir.index.robotverifier.RobotDisallowsTest
Tests run: 2, Failures: 0, Errors: 0, Skipped: 0, Time elapsed: 0.008 sec
Running com.jwm.ir.index.robotverifier.UrlVerifierTest
2016-08-28 03:36:37,346 INFO [com.jwm.ir.index.robotverifier.UrlVerifier] - (main) Url cannot be indexed because its robots.txt restricts it.  Url:http://foobar.com/searchengine_test/page1.html
Tests run: 2, Failures: 0, Errors: 0, Skipped: 0, Time elapsed: 0.023 sec
Running com.jwm.ir.index.robotverifier.RobotTxtParserTest
Tests run: 5, Failures: 0, Errors: 0, Skipped: 0, Time elapsed: 0.014 sec
Running com.jwm.ir.persistence.DomainTest
Tests run: 1, Failures: 0, Errors: 0, Skipped: 0, Time elapsed: 0.003 sec
Running com.jwm.ir.persistence.PageTest
Tests run: 4, Failures: 0, Errors: 0, Skipped: 0, Time elapsed: 0.015 sec
Running com.jwm.ir.search.FastCosineScoreCalculatorTest
Tests run: 2, Failures: 0, Errors: 0, Skipped: 0, Time elapsed: 0.006 sec
Running com.jwm.ir.search.QueryHelperTest
Tests run: 2, Failures: 0, Errors: 0, Skipped: 0, Time elapsed: 0.005 sec
Running com.jwm.ir.search.document.DocumentImplTest
Tests run: 3, Failures: 0, Errors: 0, Skipped: 0, Time elapsed: 0.007 sec
Running thirdparty.jung.PageRankTest
a = 0.049999999999999996
b = 0.475
c = 0.475
1000 = 0.049999999999999996
1001 = 0.475
1002 = 0.475
Tests run: 2, Failures: 0, Errors: 0, Skipped: 0, Time elapsed: 0.072 sec

Results :

Tests run: 47, Failures: 0, Errors: 0, Skipped: 0

[INFO] ------------------------------------------------------------------------
[INFO] BUILD SUCCESS
[INFO] ------------------------------------------------------------------------
[INFO] Total time: 4.170 s
[INFO] Finished at: 2016-08-28T03:36:37+00:00
[INFO] Final Memory: 8M/20M
[INFO] ------------------------------------------------------------------------
Finished: SUCCESS
