Started by an SCM change
Building in workspace /var/lib/jenkins/workspace/searchengine-indexer
 > git rev-parse --is-inside-work-tree # timeout=10
Fetching changes from the remote Git repository
 > git config remote.origin.url https://github.com/jeffwmair/searchengine.git # timeout=10
Fetching upstream changes from https://github.com/jeffwmair/searchengine.git
 > git --version # timeout=10
 > git -c core.askpass=true fetch --tags --progress https://github.com/jeffwmair/searchengine.git +refs/heads/*:refs/remotes/origin/*
 > git rev-parse refs/remotes/origin/master^{commit} # timeout=10
 > git rev-parse refs/remotes/origin/origin/master^{commit} # timeout=10
Checking out Revision 7cb5595167f7bec72cc2b023c0920435c85b64b1 (refs/remotes/origin/master)
 > git config core.sparsecheckout # timeout=10
 > git checkout -f 7cb5595167f7bec72cc2b023c0920435c85b64b1
 > git rev-list 4137a383f265868d4e4936bcb23ce372f821f480 # timeout=10
[searchengine-indexer] $ mvn -f indexer/pom.xml install
[INFO] Scanning for projects...
[INFO]                                                                         
[INFO] ------------------------------------------------------------------------
[INFO] Building SearchEngine-Indexer 1.0
[INFO] ------------------------------------------------------------------------
[INFO] 
[8mha:AAAAYB+LCAAAAAAAAP9b85aBtbiIQSmjNKU4P0+vJLE4u1gvPjexLDVPzxdEGvvmZ+X75ZekLlOVfvTjc8FPJgaGiiIGKaiG5Py84vycVD1nCA1SyAABjCCFBQCV27OjYAAAAA==[0m[INFO] --- maven-resources-plugin:2.6:resources (default-resources) @ SearchEngineIndexer ---
[INFO] Using 'UTF-8' encoding to copy filtered resources.
[INFO] Copying 3 resources
[INFO] 
[8mha:AAAAYB+LCAAAAAAAAP9b85aBtbiIQSmjNKU4P0+vJLE4u1gvPjexLDVPzxdEGvvmZ+X75ZekLlOVfvTjc8FPJgaGiiIGKaiG5Py84vycVD1nCA1SyAABjCCFBQCV27OjYAAAAA==[0m[INFO] --- maven-compiler-plugin:2.1:compile (default-compile) @ SearchEngineIndexer ---
[INFO] Nothing to compile - all classes are up to date
[INFO] 
[8mha:AAAAYB+LCAAAAAAAAP9b85aBtbiIQSmjNKU4P0+vJLE4u1gvPjexLDVPzxdEGvvmZ+X75ZekLlOVfvTjc8FPJgaGiiIGKaiG5Py84vycVD1nCA1SyAABjCCFBQCV27OjYAAAAA==[0m[INFO] --- maven-resources-plugin:2.6:testResources (default-testResources) @ SearchEngineIndexer ---
[INFO] Using 'UTF-8' encoding to copy filtered resources.
[INFO] skip non existing resourceDirectory /var/lib/jenkins/workspace/searchengine-indexer/indexer/src/test/resources
[INFO] 
[8mha:AAAAYB+LCAAAAAAAAP9b85aBtbiIQSmjNKU4P0+vJLE4u1gvPjexLDVPzxdEGvvmZ+X75ZekLlOVfvTjc8FPJgaGiiIGKaiG5Py84vycVD1nCA1SyAABjCCFBQCV27OjYAAAAA==[0m[INFO] --- maven-compiler-plugin:2.1:testCompile (default-testCompile) @ SearchEngineIndexer ---
[INFO] Nothing to compile - all classes are up to date
[INFO] 
[8mha:AAAAYB+LCAAAAAAAAP9b85aBtbiIQSmjNKU4P0+vJLE4u1gvPjexLDVPzxdEGvvmZ+X75ZekLlOVfvTjc8FPJgaGiiIGKaiG5Py84vycVD1nCA1SyAABjCCFBQCV27OjYAAAAA==[0m[INFO] --- maven-surefire-plugin:2.9:test (default-test) @ SearchEngineIndexer ---
[INFO] Tests are skipped.
[INFO] 
[8mha:AAAAYB+LCAAAAAAAAP9b85aBtbiIQSmjNKU4P0+vJLE4u1gvPjexLDVPzxdEGvvmZ+X75ZekLlOVfvTjc8FPJgaGiiIGKaiG5Py84vycVD1nCA1SyAABjCCFBQCV27OjYAAAAA==[0m[INFO] --- maven-surefire-plugin:2.9:test (run-unit-test) @ SearchEngineIndexer ---
[INFO] Surefire report directory: /var/lib/jenkins/workspace/searchengine-indexer/indexer/target/surefire-reports

-------------------------------------------------------
 T E S T S
-------------------------------------------------------
Running com.jwm.ir.index.crawler.UrlUtilsTest
Tests run: 10, Failures: 0, Errors: 0, Skipped: 0, Time elapsed: 0.278 sec
Running com.jwm.ir.index.crawler.UrlFeedTest
Tests run: 1, Failures: 0, Errors: 0, Skipped: 0, Time elapsed: 0.211 sec
Running com.jwm.ir.index.crawler.ResourceFetcherTest
Tests run: 1, Failures: 0, Errors: 0, Skipped: 0, Time elapsed: 0.003 sec
Running com.jwm.ir.index.service.ServiceImplTest
Tests run: 4, Failures: 0, Errors: 0, Skipped: 0, Time elapsed: 0.199 sec
Running com.jwm.ir.index.StemmerWrapperTest
Tests run: 5, Failures: 0, Errors: 0, Skipped: 0, Time elapsed: 0.012 sec
Running com.jwm.ir.index.robotverifier.UrlVerifierMessageReceiverTest
Tests run: 1, Failures: 0, Errors: 0, Skipped: 0, Time elapsed: 0.016 sec
Running com.jwm.ir.index.robotverifier.RobotUserAgentImplCacheTest
Tests run: 2, Failures: 0, Errors: 0, Skipped: 0, Time elapsed: 0.008 sec
Running com.jwm.ir.index.robotverifier.RobotDisallowsTest
Tests run: 2, Failures: 0, Errors: 0, Skipped: 0, Time elapsed: 0.003 sec
Running com.jwm.ir.index.robotverifier.UrlVerifierTest
Tests run: 2, Failures: 0, Errors: 0, Skipped: 0, Time elapsed: 0.014 sec
Running com.jwm.ir.index.robotverifier.RobotTxtParserTest
Tests run: 5, Failures: 0, Errors: 0, Skipped: 0, Time elapsed: 0.006 sec
Running com.jwm.ir.persistence.DomainTest
Tests run: 1, Failures: 0, Errors: 0, Skipped: 0, Time elapsed: 0.001 sec
Running com.jwm.ir.persistence.PageTest
Tests run: 4, Failures: 0, Errors: 0, Skipped: 0, Time elapsed: 0.01 sec
Running com.jwm.ir.search.FastCosineScoreCalculatorTest
Tests run: 2, Failures: 0, Errors: 0, Skipped: 0, Time elapsed: 0.002 sec
Running com.jwm.ir.search.QueryHelperTest
Tests run: 2, Failures: 0, Errors: 0, Skipped: 0, Time elapsed: 0.004 sec
Running com.jwm.ir.search.document.DocumentImplTest
Tests run: 3, Failures: 0, Errors: 0, Skipped: 0, Time elapsed: 0.02 sec
Running thirdparty.jung.PageRankTest
a = 0.049999999999999996
b = 0.475
c = 0.475
1000 = 0.049999999999999996
1001 = 0.475
1002 = 0.475
Tests run: 2, Failures: 0, Errors: 0, Skipped: 0, Time elapsed: 0.038 sec

Results :

Tests run: 47, Failures: 0, Errors: 0, Skipped: 0

[INFO] 
[8mha:AAAAYB+LCAAAAAAAAP9b85aBtbiIQSmjNKU4P0+vJLE4u1gvPjexLDVPzxdEGvvmZ+X75ZekLlOVfvTjc8FPJgaGiiIGKaiG5Py84vycVD1nCA1SyAABjCCFBQCV27OjYAAAAA==[0m[INFO] --- maven-jar-plugin:2.4:jar (default-jar) @ SearchEngineIndexer ---
[INFO] Building jar: /var/lib/jenkins/workspace/searchengine-indexer/indexer/target/SearchEngineIndexer-1.0.jar
[INFO] 
[8mha:AAAAYB+LCAAAAAAAAP9b85aBtbiIQSmjNKU4P0+vJLE4u1gvPjexLDVPzxdEGvvmZ+X75ZekLlOVfvTjc8FPJgaGiiIGKaiG5Py84vycVD1nCA1SyAABjCCFBQCV27OjYAAAAA==[0m[INFO] --- maven-dependency-plugin:2.5.1:copy-dependencies (copy-dependencies) @ SearchEngineIndexer ---
[INFO] collections-generic-4.01.jar already exists in destination.
[INFO] mchange-commons-java-0.2.3.4.jar already exists in destination.
[INFO] mockito-all-1.9.5.jar already exists in destination.
[INFO] hibernate-jpa-2.1-api-1.0.0.Final.jar already exists in destination.
[INFO] jandex-1.1.0.Final.jar already exists in destination.
[INFO] mysql-connector-java-5.1.6.jar already exists in destination.
[INFO] xml-apis-1.0.b2.jar already exists in destination.
[INFO] jboss-logging-3.1.3.GA.jar already exists in destination.
[INFO] quick-json-1.0.4.jar already exists in destination.
[INFO] antlr-2.7.7.jar already exists in destination.
[INFO] jung-algorithms-2.0.1.jar already exists in destination.
[INFO] javassist-3.18.1-GA.jar already exists in destination.
[INFO] hibernate-commons-annotations-4.0.5.Final.jar already exists in destination.
[INFO] jsoup-1.8.1.jar already exists in destination.
[INFO] colt-1.2.0.jar already exists in destination.
[INFO] log4j-1.2.14.jar already exists in destination.
[INFO] stax2-api-3.1.4.jar already exists in destination.
[INFO] jboss-logging-annotations-1.2.0.Beta1.jar already exists in destination.
[INFO] woodstox-core-asl-4.4.1.jar already exists in destination.
[INFO] jung-graph-impl-2.0.1.jar already exists in destination.
[INFO] stax-api-1.0-2.jar already exists in destination.
[INFO] commons-logging-1.1.3.jar already exists in destination.
[INFO] jboss-transaction-api_1.2_spec-1.0.0.Final.jar already exists in destination.
[INFO] jung-api-2.0.1.jar already exists in destination.
[INFO] concurrent-1.3.4.jar already exists in destination.
[INFO] spring-expression-4.3.2.RELEASE.jar already exists in destination.
[INFO] c3p0-0.9.2.1.jar already exists in destination.
[INFO] spring-core-4.3.2.RELEASE.jar already exists in destination.
[INFO] c3p0-0.9.1.2.jar already exists in destination.
[INFO] dom4j-1.6.1.jar already exists in destination.
[INFO] hibernate-core-4.3.10.Final.jar already exists in destination.
[INFO] hibernate-c3p0-4.3.10.Final.jar already exists in destination.
[INFO] 
[8mha:AAAAYB+LCAAAAAAAAP9b85aBtbiIQSmjNKU4P0+vJLE4u1gvPjexLDVPzxdEGvvmZ+X75ZekLlOVfvTjc8FPJgaGiiIGKaiG5Py84vycVD1nCA1SyAABjCCFBQCV27OjYAAAAA==[0m[INFO] --- maven-surefire-plugin:2.9:test (run-integration-test) @ SearchEngineIndexer ---
[INFO] Surefire report directory: /var/lib/jenkins/workspace/searchengine-indexer/indexer/target/surefire-reports

-------------------------------------------------------
 T E S T S
-------------------------------------------------------

-------------------------------------------------------
 T E S T S
-------------------------------------------------------
Running integration.ServiceImpl_get_unverified_pages_IntegrationTest
Tests run: 1, Failures: 0, Errors: 0, Skipped: 0, Time elapsed: 3.263 sec
Running integration.DomainRepositoryImpl_get_domain_exists_IntegrationTest
Tests run: 1, Failures: 0, Errors: 0, Skipped: 0, Time elapsed: 2.809 sec
Running integration.PageTermDao_terms_already_exist_IntegrationTest
Tests run: 1, Failures: 0, Errors: 0, Skipped: 0, Time elapsed: 3.042 sec
Running integration.ServiceImpl_AddUrlForCrawling_IntegrationTest
Tests run: 1, Failures: 0, Errors: 0, Skipped: 0, Time elapsed: 3.291 sec
Running integration.ServiceImpl_set_urls_verified_IntegrationTest
Tests run: 1, Failures: 0, Errors: 0, Skipped: 0, Time elapsed: 3.338 sec
Running integration.PageTerm_UniquePageTerm_IntegrationTest
Tests run: 1, Failures: 0, Errors: 0, Skipped: 0, Time elapsed: 2.721 sec
Running integration.ExtensionDao_get_all_extensions_IntegrationTest
Tests run: 1, Failures: 0, Errors: 0, Skipped: 0, Time elapsed: 2.972 sec
Running integration.ServiceImpl_add_crawl_result_IntegrationTest
Tests run: 1, Failures: 0, Errors: 0, Skipped: 0, Time elapsed: 2.978 sec
Running integration.DomainRepositoryImpl_get_domain_not_exists_throws_IntegrationTest
Tests run: 1, Failures: 0, Errors: 0, Skipped: 0, Time elapsed: 3.035 sec
Running integration.ServiceImpl_add_url_for_crawling_domain_already_exists_should_not_add_again_IntegrationTest
Tests run: 1, Failures: 0, Errors: 0, Skipped: 0, Time elapsed: 3.046 sec
Running integration.UrlFeedIntegrationTest
Tests run: 1, Failures: 0, Errors: 0, Skipped: 0, Time elapsed: 3.128 sec
Running integration.ServiceImpl_update_indexed_page_count_summaries_with_existing_summary_record_IntegrationTest
Tests run: 1, Failures: 0, Errors: 0, Skipped: 0, Time elapsed: 4.021 sec
Running integration.PageTermDaoImpl_create_IntegrationTest
Tests run: 1, Failures: 0, Errors: 0, Skipped: 0, Time elapsed: 3.243 sec
Running integration.ResourceFetcherIntegrationTest
Tests run: 1, Failures: 0, Errors: 0, Skipped: 0, Time elapsed: 0.105 sec
Running integration.TermDao_Fetch_Terms_IntegrationTest
Tests run: 1, Failures: 0, Errors: 0, Skipped: 0, Time elapsed: 3.134 sec
Running integration.ServiceImpl_AddDocumentTerm_IntegrationTest
Tests run: 1, Failures: 0, Errors: 0, Skipped: 0, Time elapsed: 3.755 sec

Results :

Tests run: 16, Failures: 0, Errors: 0, Skipped: 0

[INFO] 
[8mha:AAAAYB+LCAAAAAAAAP9b85aBtbiIQSmjNKU4P0+vJLE4u1gvPjexLDVPzxdEGvvmZ+X75ZekLlOVfvTjc8FPJgaGiiIGKaiG5Py84vycVD1nCA1SyAABjCCFBQCV27OjYAAAAA==[0m[INFO] --- maven-install-plugin:2.5.2:install (default-install) @ SearchEngineIndexer ---
[INFO] Installing /var/lib/jenkins/workspace/searchengine-indexer/indexer/target/SearchEngineIndexer-1.0.jar to /var/lib/jenkins/.m2/repository/com/jwm/SearchEngineIndexer/1.0/SearchEngineIndexer-1.0.jar
[INFO] Installing /var/lib/jenkins/workspace/searchengine-indexer/indexer/pom.xml to /var/lib/jenkins/.m2/repository/com/jwm/SearchEngineIndexer/1.0/SearchEngineIndexer-1.0.pom
[INFO] ------------------------------------------------------------------------
[INFO] BUILD SUCCESS
[INFO] ------------------------------------------------------------------------
[INFO] Total time: 58.254 s
[INFO] Finished at: 2016-08-29T22:56:15-04:00
[INFO] Final Memory: 14M/190M
[INFO] ------------------------------------------------------------------------
Finished: SUCCESS
